<?xml version="1.0" encoding="UTF-8"?>
<!-- Generated by org.testng.reporters.JUnitReportReporter -->
<testsuite hostname="QT-INHD-LT0766" failures="0" tests="1" name="TestRunner.Run" time="9.684" errors="0" timestamp="2024-02-25T17:25:29 IST" skipped="0">
  <testcase classname="TestRunner.Run" name="runScenario" time="9.684"/>
  <system-out/>
</testsuite> <!-- TestRunner.Run -->
